[    18.152] (WW) Failed to open protocol names file lib/xorg/protocol.txt
[    18.153] 
X.Org X Server 1.20.11
X Protocol Version 11, Revision 0
[    18.153] Build Operating System: Linux Archlinux
[    18.153] Current Operating System: Linux Epimetheus 5.12.2-arch1-1 #1 SMP PREEMPT Fri, 07 May 2021 15:36:06 +0000 x86_64
[    18.153] Kernel command line: BOOT_IMAGE=/boot/vmlinuz-linux root=UUID=1575c5e1-5d94-4548-af2b-2af375b82682 rw loglevel=3 quiet
[    18.153] Build Date: 13 April 2021  03:12:10PM
[    18.153]  
[    18.153] Current version of pixman: 0.40.0
[    18.153] 	Before reporting problems, check http://wiki.x.org
	to make sure that you have the latest version.
[    18.153] Markers: (--) probed, (**) from config file, (==) default setting,
	(++) from command line, (!!) notice, (II) informational,
	(WW) warning, (EE) error, (NI) not implemented, (??) unknown.
[    18.153] (==) Log file: "/home/lisa/.local/share/xorg/Xorg.0.log", Time: Wed May 12 21:42:33 2021
[    18.160] (==) Using system config directory "/usr/share/X11/xorg.conf.d"
[    18.162] (==) No Layout section.  Using the first Screen section.
[    18.162] (==) No screen section available. Using defaults.
[    18.162] (**) |-->Screen "Default Screen Section" (0)
[    18.162] (**) |   |-->Monitor "<default monitor>"
[    18.162] (==) No monitor specified for screen "Default Screen Section".
	Using a default monitor configuration.
[    18.162] (==) Automatically adding devices
[    18.162] (==) Automatically enabling devices
[    18.162] (==) Automatically adding GPU devices
[    18.162] (==) Automatically binding GPU devices
[    18.162] (==) Max clients allowed: 256, resource mask: 0x1fffff
[    18.163] (WW) The directory "/usr/share/fonts/misc" does not exist.
[    18.163] 	Entry deleted from font path.
[    18.166] (WW) `fonts.dir' not found (or not valid) in "/usr/share/fonts/TTF".
[    18.166] 	Entry deleted from font path.
[    18.166] 	(Run 'mkfontdir' on "/usr/share/fonts/TTF").
[    18.166] (WW) The directory "/usr/share/fonts/OTF" does not exist.
[    18.166] 	Entry deleted from font path.
[    18.166] (WW) The directory "/usr/share/fonts/Type1" does not exist.
[    18.166] 	Entry deleted from font path.
[    18.166] (WW) The directory "/usr/share/fonts/100dpi" does not exist.
[    18.166] 	Entry deleted from font path.
[    18.166] (WW) The directory "/usr/share/fonts/75dpi" does not exist.
[    18.166] 	Entry deleted from font path.
[    18.166] (==) FontPath set to:
	
[    18.166] (==) ModulePath set to "/usr/lib/xorg/modules"
[    18.166] (II) The server relies on udev to provide the list of input devices.
	If no devices become available, reconfigure udev or disable AutoAddDevices.
[    18.166] (II) Module ABI versions:
[    18.166] 	X.Org ANSI C Emulation: 0.4
[    18.166] 	X.Org Video Driver: 24.1
[    18.166] 	X.Org XInput driver : 24.1
[    18.166] 	X.Org Server Extension : 10.0
[    18.168] (++) using VT number 1

[    18.173] (II) systemd-logind: took control of session /org/freedesktop/login1/session/_31
[    18.174] (II) xfree86: Adding drm device (/dev/dri/card0)
[    18.176] (II) systemd-logind: got fd for /dev/dri/card0 226:0 fd 10 paused 0
[    18.182] (--) PCI:*(0@0:2:0) 8086:5a85:8086:2212 rev 11, Mem @ 0x81000000/16777216, 0x90000000/268435456, I/O @ 0x0000f000/64, BIOS @ 0x????????/131072
[    18.182] (WW) Open ACPI failed (/var/run/acpid.socket) (No such file or directory)
[    18.182] (II) LoadModule: "glx"
[    18.184] (II) Loading /usr/lib/xorg/modules/extensions/libglx.so
[    18.207] (II) Module glx: vendor="X.Org Foundation"
[    18.207] 	compiled for 1.20.11, module version = 1.0.0
[    18.207] 	ABI class: X.Org Server Extension, version 10.0
[    18.207] (==) Matched intel as autoconfigured driver 0
[    18.207] (==) Matched modesetting as autoconfigured driver 1
[    18.207] (==) Matched fbdev as autoconfigured driver 2
[    18.207] (==) Matched vesa as autoconfigured driver 3
[    18.207] (==) Assigned the driver to the xf86ConfigLayout
[    18.207] (II) LoadModule: "intel"
[    18.208] (II) Loading /usr/lib/xorg/modules/drivers/intel_drv.so
[    18.218] (II) Module intel: vendor="X.Org Foundation"
[    18.218] 	compiled for 1.20.10, module version = 2.99.917
[    18.218] 	Module class: X.Org Video Driver
[    18.218] 	ABI class: X.Org Video Driver, version 24.1
[    18.218] (II) LoadModule: "modesetting"
[    18.218] (II) Loading /usr/lib/xorg/modules/drivers/modesetting_drv.so
[    18.226] (II) Module modesetting: vendor="X.Org Foundation"
[    18.226] 	compiled for 1.20.11, module version = 1.20.11
[    18.226] 	Module class: X.Org Video Driver
[    18.226] 	ABI class: X.Org Video Driver, version 24.1
[    18.226] (II) LoadModule: "fbdev"
[    18.228] (WW) Warning, couldn't open module fbdev
[    18.228] (EE) Failed to load module "fbdev" (module does not exist, 0)
[    18.228] (II) LoadModule: "vesa"
[    18.228] (WW) Warning, couldn't open module vesa
[    18.228] (EE) Failed to load module "vesa" (module does not exist, 0)
[    18.228] (II) intel: Driver for Intel(R) Integrated Graphics Chipsets:
	i810, i810-dc100, i810e, i815, i830M, 845G, 854, 852GM/855GM, 865G,
	915G, E7221 (i915), 915GM, 945G, 945GM, 945GME, Pineview GM,
	Pineview G, 965G, G35, 965Q, 946GZ, 965GM, 965GME/GLE, G33, Q35, Q33,
	GM45, 4 Series, G45/G43, Q45/Q43, G41, B43
[    18.228] (II) intel: Driver for Intel(R) HD Graphics
[    18.228] (II) intel: Driver for Intel(R) Iris(TM) Graphics
[    18.228] (II) intel: Driver for Intel(R) Iris(TM) Pro Graphics
[    18.228] (II) modesetting: Driver for Modesetting Kernel Drivers: kms
[    18.228] xf86EnableIOPorts: failed to set IOPL for I/O (Operation not permitted)
[    18.230] (II) intel(0): Using Kernel Mode Setting driver: i915, version 1.6.0 20201103
[    18.230] (II) intel(0): SNA compiled from 2.99.917-916-g31486f40
[    18.248] (WW) Falling back to old probe method for modesetting
[    18.248] (WW) VGA arbiter: cannot open kernel arbiter, no multi-card support
[    18.250] (--) intel(0): Integrated Graphics Chipset: Intel(R) HD Graphics 500
[    18.250] (--) intel(0): CPU: x86-64, sse2, sse3, ssse3, sse4.1, sse4.2; using a maximum of 2 threads
[    18.250] (II) intel(0): Creating default Display subsection in Screen section
	"Default Screen Section" for depth/fbbpp 24/32
[    18.250] (==) intel(0): Depth 24, (--) framebuffer bpp 32
[    18.250] (==) intel(0): RGB weight 888
[    18.250] (==) intel(0): Default visual is TrueColor
[    18.251] (II) intel(0): Output eDP1 has no monitor section
[    18.252] (**) intel(0): Found backlight control interface intel_backlight (type 'raw') for output eDP1
[    18.252] (II) intel(0): Enabled output eDP1
[    18.252] (II) intel(0): Output HDMI1 has no monitor section
[    18.253] (II) intel(0): Enabled output HDMI1
[    18.253] (II) intel(0): Output DP1 has no monitor section
[    18.253] (II) intel(0): Enabled output DP1
[    18.253] (--) intel(0): Using a maximum size of 256x256 for hardware cursors
[    18.253] (II) intel(0): Output VIRTUAL1 has no monitor section
[    18.253] (II) intel(0): Enabled output VIRTUAL1
[    18.253] (--) intel(0): Output eDP1 using initial mode 1920x1080 on pipe 0
[    18.254] (==) intel(0): TearFree enabled
[    18.254] (==) intel(0): Using gamma correction (1.0, 1.0, 1.0)
[    18.254] (==) intel(0): DPI set to (96, 96)
[    18.255] (II) Loading sub module "dri3"
[    18.255] (II) LoadModule: "dri3"
[    18.255] (II) Module "dri3" already built-in
[    18.255] (II) Loading sub module "dri2"
[    18.255] (II) LoadModule: "dri2"
[    18.255] (II) Module "dri2" already built-in
[    18.255] (II) Loading sub module "present"
[    18.255] (II) LoadModule: "present"
[    18.255] (II) Module "present" already built-in
[    18.255] (II) UnloadModule: "modesetting"
[    18.255] (II) Unloading modesetting
[    18.260] (II) intel(0): SNA initialized with Broxton (gen9) backend
[    18.260] (==) intel(0): Backing store enabled
[    18.260] (==) intel(0): Silken mouse disabled
[    18.260] (II) intel(0): HW Cursor enabled
[    18.262] (==) intel(0): DPMS enabled
[    18.262] (==) intel(0): Display hotplug detection enabled
[    18.264] (II) intel(0): [DRI2] Setup complete
[    18.264] (II) intel(0): [DRI2]   DRI driver: i965
[    18.264] (II) intel(0): [DRI2]   VDPAU driver: va_gl
[    18.264] (II) intel(0): direct rendering: DRI2 DRI3 enabled
[    18.264] (II) intel(0): hardware support for Present enabled
[    18.264] (II) Initializing extension Generic Event Extension
[    18.264] (II) Initializing extension SHAPE
[    18.264] (II) Initializing extension MIT-SHM
[    18.264] (II) Initializing extension XInputExtension
[    18.265] (II) Initializing extension XTEST
[    18.265] (II) Initializing extension BIG-REQUESTS
[    18.265] (II) Initializing extension SYNC
[    18.265] (II) Initializing extension XKEYBOARD
[    18.265] (II) Initializing extension XC-MISC
[    18.265] (II) Initializing extension SECURITY
[    18.265] (II) Initializing extension XFIXES
[    18.265] (II) Initializing extension RENDER
[    18.265] (II) Initializing extension RANDR
[    18.265] (II) Initializing extension COMPOSITE
[    18.265] (II) Initializing extension DAMAGE
[    18.265] (II) Initializing extension MIT-SCREEN-SAVER
[    18.265] (II) Initializing extension DOUBLE-BUFFER
[    18.265] (II) Initializing extension RECORD
[    18.265] (II) Initializing extension DPMS
[    18.265] (II) Initializing extension Present
[    18.265] (II) Initializing extension DRI3
[    18.265] (II) Initializing extension X-Resource
[    18.265] (II) Initializing extension XVideo
[    18.265] (II) Initializing extension XVideo-MotionCompensation
[    18.265] (II) Initializing extension GLX
[    18.356] (II) AIGLX: Loaded and initialized i965
[    18.356] (II) GLX: Initialized DRI2 GL provider for screen 0
[    18.356] (II) Initializing extension XFree86-VidModeExtension
[    18.356] (II) Initializing extension XFree86-DGA
[    18.356] (II) Initializing extension XFree86-DRI
[    18.356] (II) Initializing extension DRI2
[    18.366] (II) intel(0): switch to mode 1920x1080@60.0 on eDP1 using pipe 0, position (0, 0), rotation normal, reflection none
[    18.374] (II) intel(0): Setting screen physical size to 508 x 285
[    18.466] (II) config/udev: Adding input device Video Bus (/dev/input/event9)
[    18.466] (**) Video Bus: Applying InputClass "libinput keyboard catchall"
[    18.466] (II) LoadModule: "libinput"
[    18.466] (II) Loading /usr/lib/xorg/modules/input/libinput_drv.so
[    18.476] (II) Module libinput: vendor="X.Org Foundation"
[    18.476] 	compiled for 1.20.11, module version = 1.0.1
[    18.476] 	Module class: X.Org XInput Driver
[    18.476] 	ABI class: X.Org XInput driver, version 24.1
[    18.476] (II) Using input driver 'libinput' for 'Video Bus'
[    18.478] (II) systemd-logind: got fd for /dev/input/event9 13:73 fd 16 paused 0
[    18.479] (**) Video Bus: always reports core events
[    18.479] (**) Option "Device" "/dev/input/event9"
[    18.479] (**) Option "_source" "server/udev"
[    18.493] (II) event9  - Video Bus: is tagged by udev as: Keyboard
[    18.493] (II) event9  - Video Bus: device is a keyboard
[    18.493] (II) event9  - Video Bus: device removed
[    18.493] (**) Option "config_info" "udev:/sys/devices/LNXSYSTM:00/LNXSYBUS:00/PNP0A08:00/LNXVIDEO:00/input/input11/event9"
[    18.493] (II) XINPUT: Adding extended input device "Video Bus" (type: KEYBOARD, id 6)
[    18.495] (II) event9  - Video Bus: is tagged by udev as: Keyboard
[    18.495] (II) event9  - Video Bus: device is a keyboard
[    18.496] (II) config/udev: Adding input device Lid Switch (/dev/input/event0)
[    18.497] (II) No input driver specified, ignoring this device.
[    18.497] (II) This device may have been added with another device file.
[    18.497] (II) config/udev: Adding input device Power Button (/dev/input/event1)
[    18.497] (**) Power Button: Applying InputClass "libinput keyboard catchall"
[    18.497] (II) Using input driver 'libinput' for 'Power Button'
[    18.499] (II) systemd-logind: got fd for /dev/input/event1 13:65 fd 19 paused 0
[    18.499] (**) Power Button: always reports core events
[    18.499] (**) Option "Device" "/dev/input/event1"
[    18.499] (**) Option "_source" "server/udev"
[    18.501] (II) event1  - Power Button: is tagged by udev as: Keyboard
[    18.501] (II) event1  - Power Button: device is a keyboard
[    18.501] (II) event1  - Power Button: device removed
[    18.501] (**) Option "config_info" "udev:/sys/devices/LNXSYSTM:00/LNXSYBUS:00/PNP0C0C:00/input/input1/event1"
[    18.501] (II) XINPUT: Adding extended input device "Power Button" (type: KEYBOARD, id 7)
[    18.503] (II) event1  - Power Button: is tagged by udev as: Keyboard
[    18.503] (II) event1  - Power Button: device is a keyboard
[    18.504] (II) config/udev: Adding input device HDA Intel PCH Mic (/dev/input/event11)
[    18.504] (II) No input driver specified, ignoring this device.
[    18.504] (II) This device may have been added with another device file.
[    18.505] (II) config/udev: Adding input device HDA Intel PCH Headphone (/dev/input/event12)
[    18.505] (II) No input driver specified, ignoring this device.
[    18.505] (II) This device may have been added with another device file.
[    18.506] (II) config/udev: Adding input device HDA Intel PCH HDMI/DP,pcm=3 (/dev/input/event13)
[    18.506] (II) No input driver specified, ignoring this device.
[    18.506] (II) This device may have been added with another device file.
[    18.507] (II) config/udev: Adding input device HDA Intel PCH HDMI/DP,pcm=7 (/dev/input/event14)
[    18.507] (II) No input driver specified, ignoring this device.
[    18.507] (II) This device may have been added with another device file.
[    18.507] (II) config/udev: Adding input device HDA Intel PCH HDMI/DP,pcm=8 (/dev/input/event15)
[    18.507] (II) No input driver specified, ignoring this device.
[    18.507] (II) This device may have been added with another device file.
[    18.508] (II) config/udev: Adding input device HDA Intel PCH HDMI/DP,pcm=9 (/dev/input/event16)
[    18.508] (II) No input driver specified, ignoring this device.
[    18.508] (II) This device may have been added with another device file.
[    18.509] (II) config/udev: Adding input device HDA Intel PCH HDMI/DP,pcm=10 (/dev/input/event17)
[    18.509] (II) No input driver specified, ignoring this device.
[    18.509] (II) This device may have been added with another device file.
[    18.510] (II) config/udev: Adding input device USB 2.0 PC Camera: PC Camera (/dev/input/event8)
[    18.510] (**) USB 2.0 PC Camera: PC Camera: Applying InputClass "libinput keyboard catchall"
[    18.510] (II) Using input driver 'libinput' for 'USB 2.0 PC Camera: PC Camera'
[    18.512] (II) systemd-logind: got fd for /dev/input/event8 13:72 fd 20 paused 0
[    18.512] (**) USB 2.0 PC Camera: PC Camera: always reports core events
[    18.512] (**) Option "Device" "/dev/input/event8"
[    18.512] (**) Option "_source" "server/udev"
[    18.514] (II) event8  - USB 2.0 PC Camera: PC Camera: is tagged by udev as: Keyboard
[    18.514] (II) event8  - USB 2.0 PC Camera: PC Camera: device is a keyboard
[    18.514] (II) event8  - USB 2.0 PC Camera: PC Camera: device removed
[    18.514] (**) Option "config_info" "udev:/sys/devices/pci0000:00/0000:00:15.0/usb1/1-8/1-8:1.0/input/input10/event8"
[    18.514] (II) XINPUT: Adding extended input device "USB 2.0 PC Camera: PC Camera" (type: KEYBOARD, id 8)
[    18.516] (II) event8  - USB 2.0 PC Camera: PC Camera: is tagged by udev as: Keyboard
[    18.516] (II) event8  - USB 2.0 PC Camera: PC Camera: device is a keyboard
[    18.518] (II) config/udev: Adding input device SYNA3602:00 0911:5288 Mouse (/dev/input/event6)
[    18.518] (**) SYNA3602:00 0911:5288 Mouse: Applying InputClass "libinput pointer catchall"
[    18.518] (II) Using input driver 'libinput' for 'SYNA3602:00 0911:5288 Mouse'
[    18.520] (II) systemd-logind: got fd for /dev/input/event6 13:70 fd 21 paused 0
[    18.520] (**) SYNA3602:00 0911:5288 Mouse: always reports core events
[    18.520] (**) Option "Device" "/dev/input/event6"
[    18.520] (**) Option "_source" "server/udev"
[    18.522] (II) event6  - SYNA3602:00 0911:5288 Mouse: is tagged by udev as: Mouse Pointingstick
[    18.523] (II) event6  - SYNA3602:00 0911:5288 Mouse: device is a pointer
[    18.524] (II) event6  - SYNA3602:00 0911:5288 Mouse: device removed
[    18.524] (**) Option "config_info" "udev:/sys/devices/pci0000:00/0000:00:16.2/i2c_designware.2/i2c-2/i2c-SYNA3602:00/0018:0911:5288.0001/input/input12/event6"
[    18.524] (II) XINPUT: Adding extended input device "SYNA3602:00 0911:5288 Mouse" (type: MOUSE, id 9)
[    18.524] (**) Option "AccelerationScheme" "none"
[    18.524] (**) SYNA3602:00 0911:5288 Mouse: (accel) selected scheme none/0
[    18.524] (**) SYNA3602:00 0911:5288 Mouse: (accel) acceleration factor: 2.000
[    18.524] (**) SYNA3602:00 0911:5288 Mouse: (accel) acceleration threshold: 4
[    18.526] (II) event6  - SYNA3602:00 0911:5288 Mouse: is tagged by udev as: Mouse Pointingstick
[    18.527] (II) event6  - SYNA3602:00 0911:5288 Mouse: device is a pointer
[    18.529] (II) config/udev: Adding input device SYNA3602:00 0911:5288 Mouse (/dev/input/mouse0)
[    18.529] (II) No input driver specified, ignoring this device.
[    18.529] (II) This device may have been added with another device file.
[    18.530] (II) config/udev: Adding input device SYNA3602:00 0911:5288 Touchpad (/dev/input/event7)
[    18.530] (**) SYNA3602:00 0911:5288 Touchpad: Applying InputClass "libinput touchpad catchall"
[    18.530] (II) Using input driver 'libinput' for 'SYNA3602:00 0911:5288 Touchpad'
[    18.532] (II) systemd-logind: got fd for /dev/input/event7 13:71 fd 22 paused 0
[    18.532] (**) SYNA3602:00 0911:5288 Touchpad: always reports core events
[    18.532] (**) Option "Device" "/dev/input/event7"
[    18.532] (**) Option "_source" "server/udev"
[    18.534] (II) event7  - SYNA3602:00 0911:5288 Touchpad: is tagged by udev as: Touchpad
[    18.536] (II) event7  - SYNA3602:00 0911:5288 Touchpad: device is a touchpad
[    18.536] (II) event7  - SYNA3602:00 0911:5288 Touchpad: device removed
[    18.537] (**) Option "config_info" "udev:/sys/devices/pci0000:00/0000:00:16.2/i2c_designware.2/i2c-2/i2c-SYNA3602:00/0018:0911:5288.0001/input/input13/event7"
[    18.537] (II) XINPUT: Adding extended input device "SYNA3602:00 0911:5288 Touchpad" (type: TOUCHPAD, id 10)
[    18.540] (**) Option "AccelerationScheme" "none"
[    18.540] (**) SYNA3602:00 0911:5288 Touchpad: (accel) selected scheme none/0
[    18.540] (**) SYNA3602:00 0911:5288 Touchpad: (accel) acceleration factor: 2.000
[    18.540] (**) SYNA3602:00 0911:5288 Touchpad: (accel) acceleration threshold: 4
[    18.542] (II) event7  - SYNA3602:00 0911:5288 Touchpad: is tagged by udev as: Touchpad
[    18.544] (II) event7  - SYNA3602:00 0911:5288 Touchpad: device is a touchpad
[    18.546] (II) config/udev: Adding input device SYNA3602:00 0911:5288 Touchpad (/dev/input/mouse1)
[    18.546] (II) No input driver specified, ignoring this device.
[    18.546] (II) This device may have been added with another device file.
[    18.548] (II) config/udev: Adding input device silead_ts (/dev/input/event10)
[    18.548] (**) silead_ts: Applying InputClass "libinput keyboard catchall"
[    18.548] (**) silead_ts: Applying InputClass "libinput touchscreen catchall"
[    18.548] (II) Using input driver 'libinput' for 'silead_ts'
[    18.550] (II) systemd-logind: got fd for /dev/input/event10 13:74 fd 23 paused 0
[    18.550] (**) silead_ts: always reports core events
[    18.550] (**) Option "Device" "/dev/input/event10"
[    18.550] (**) Option "_source" "server/udev"
[    18.552] (II) event10 - silead_ts: is tagged by udev as: Keyboard Touchscreen
[    18.553] (II) event10 - silead_ts: device is a keyboard
[    18.553] (II) event10 - silead_ts: device is a touch device
[    18.554] (II) event10 - silead_ts: device removed
[    18.554] (II) libinput: silead_ts: needs a virtual subdevice
[    18.554] (**) Option "config_info" "udev:/sys/devices/pci0000:00/0000:00:16.3/i2c_designware.3/i2c-3/i2c-MSSL1680:00/input/input14/event10"
[    18.554] (II) XINPUT: Adding extended input device "silead_ts" (type: TOUCHSCREEN, id 11)
[    18.554] (**) Option "AccelerationScheme" "none"
[    18.554] (**) silead_ts: (accel) selected scheme none/0
[    18.555] (**) silead_ts: (accel) acceleration factor: 2.000
[    18.555] (**) silead_ts: (accel) acceleration threshold: 4
[    18.556] (II) event10 - silead_ts: is tagged by udev as: Keyboard Touchscreen
[    18.557] (II) event10 - silead_ts: device is a keyboard
[    18.557] (II) event10 - silead_ts: device is a touch device
[    18.559] (II) config/udev: Adding input device silead_ts (/dev/input/mouse2)
[    18.559] (II) No input driver specified, ignoring this device.
[    18.559] (II) This device may have been added with another device file.
[    18.560] (II) config/udev: Adding input device Intel HID events (/dev/input/event3)
[    18.560] (**) Intel HID events: Applying InputClass "libinput keyboard catchall"
[    18.560] (II) Using input driver 'libinput' for 'Intel HID events'
[    18.563] (II) systemd-logind: got fd for /dev/input/event3 13:67 fd 24 paused 0
[    18.563] (**) Intel HID events: always reports core events
[    18.563] (**) Option "Device" "/dev/input/event3"
[    18.563] (**) Option "_source" "server/udev"
[    18.565] (II) event3  - Intel HID events: is tagged by udev as: Keyboard
[    18.565] (II) event3  - Intel HID events: device is a keyboard
[    18.565] (II) event3  - Intel HID events: device removed
[    18.565] (**) Option "config_info" "udev:/sys/devices/platform/INT33D5:00/input/input4/event3"
[    18.565] (II) XINPUT: Adding extended input device "Intel HID events" (type: KEYBOARD, id 12)
[    18.567] (II) event3  - Intel HID events: is tagged by udev as: Keyboard
[    18.567] (II) event3  - Intel HID events: device is a keyboard
[    18.568] (II) config/udev: Adding input device Intel HID 5 button array (/dev/input/event4)
[    18.568] (**) Intel HID 5 button array: Applying InputClass "libinput keyboard catchall"
[    18.568] (II) Using input driver 'libinput' for 'Intel HID 5 button array'
[    18.569] (II) systemd-logind: got fd for /dev/input/event4 13:68 fd 25 paused 0
[    18.569] (**) Intel HID 5 button array: always reports core events
[    18.570] (**) Option "Device" "/dev/input/event4"
[    18.570] (**) Option "_source" "server/udev"
[    18.571] (II) event4  - Intel HID 5 button array: is tagged by udev as: Keyboard
[    18.571] (II) event4  - Intel HID 5 button array: device is a keyboard
[    18.571] (II) event4  - Intel HID 5 button array: device removed
[    18.571] (**) Option "config_info" "udev:/sys/devices/platform/INT33D5:00/input/input5/event4"
[    18.571] (II) XINPUT: Adding extended input device "Intel HID 5 button array" (type: KEYBOARD, id 13)
[    18.573] (II) event4  - Intel HID 5 button array: is tagged by udev as: Keyboard
[    18.573] (II) event4  - Intel HID 5 button array: device is a keyboard
[    18.574] (II) config/udev: Adding input device AT Translated Set 2 keyboard (/dev/input/event2)
[    18.574] (**) AT Translated Set 2 keyboard: Applying InputClass "libinput keyboard catchall"
[    18.574] (II) Using input driver 'libinput' for 'AT Translated Set 2 keyboard'
[    18.576] (II) systemd-logind: got fd for /dev/input/event2 13:66 fd 26 paused 0
[    18.576] (**) AT Translated Set 2 keyboard: always reports core events
[    18.576] (**) Option "Device" "/dev/input/event2"
[    18.576] (**) Option "_source" "server/udev"
[    18.578] (II) event2  - AT Translated Set 2 keyboard: is tagged by udev as: Keyboard
[    18.578] (II) event2  - AT Translated Set 2 keyboard: device is a keyboard
[    18.579] (II) event2  - AT Translated Set 2 keyboard: device removed
[    18.579] (**) Option "config_info" "udev:/sys/devices/platform/i8042/serio0/input/input2/event2"
[    18.579] (II) XINPUT: Adding extended input device "AT Translated Set 2 keyboard" (type: KEYBOARD, id 14)
[    18.581] (II) event2  - AT Translated Set 2 keyboard: is tagged by udev as: Keyboard
[    18.581] (II) event2  - AT Translated Set 2 keyboard: device is a keyboard
[    18.583] (II) config/udev: Adding input device PC Speaker (/dev/input/event5)
[    18.583] (II) No input driver specified, ignoring this device.
[    18.583] (II) This device may have been added with another device file.
[    18.625] (**) silead_ts: Applying InputClass "libinput keyboard catchall"
[    18.625] (**) silead_ts: Applying InputClass "libinput touchscreen catchall"
[    18.625] (II) Using input driver 'libinput' for 'silead_ts'
[    18.625] (II) systemd-logind: returning pre-existing fd for /dev/input/event10 13:74
[    18.625] (**) silead_ts: always reports core events
[    18.625] (**) Option "Device" "/dev/input/event10"
[    18.625] (**) Option "_source" "_driver/libinput"
[    18.625] (II) libinput: silead_ts: is a virtual subdevice
[    18.625] (**) Option "config_info" "udev:/sys/devices/pci0000:00/0000:00:16.3/i2c_designware.3/i2c-3/i2c-MSSL1680:00/input/input14/event10"
[    18.625] (II) XINPUT: Adding extended input device "silead_ts" (type: KEYBOARD, id 15)
[    20.264] (II) intel(0): EDID vendor "NCP", prod id 0
[    20.264] (II) intel(0): Printing DDC gathered Modelines:
[    20.264] (II) intel(0): Modeline "1920x1080"x0.0  138.50  1920 1968 2000 2080  1080 1083 1088 1111 -hsync -vsync (66.6 kHz eP)
[    20.264] (II) intel(0): Modeline "1920x1080"x0.0  110.92  1920 1968 2000 2080  1080 1083 1088 1111 -hsync -vsync (53.3 kHz e)
